TN:
SF:/home/alejandro/repos/code-analysis-toolkit/projectExample/src/math_utils.c
FN:21,43,math_max
FN:3,19,math_sum_array
FN:45,57,math_average_rounded
FNDA:1,math_max
FNDA:2,math_sum_array
FNDA:1,math_average_rounded
FNF:3
FNH:3
BRDA:8,0,0,2
BRDA:8,0,1,0
BRDA:8,0,2,0
BRDA:8,0,3,2
BRDA:13,0,0,8
BRDA:13,0,1,2
BRDA:26,0,0,1
BRDA:26,0,1,0
BRDA:26,0,2,1
BRDA:26,0,3,0
BRDA:26,0,4,0
BRDA:26,0,5,1
BRDA:33,0,0,3
BRDA:33,0,1,1
BRDA:35,0,0,3
BRDA:35,0,1,0
BRDA:49,0,0,1
BRDA:49,0,1,0
BRDA:49,0,2,1
BRDA:49,0,3,0
BRDA:49,0,4,0
BRDA:49,0,5,1
BRF:22
BRH:13
DA:3,2
DA:6,2
DA:8,2
DA:10,0
DA:13,10
DA:15,8
DA:18,2
DA:21,1
DA:26,1
DA:28,0
DA:31,1
DA:33,4
DA:35,3
DA:37,3
DA:41,1
DA:42,1
DA:45,1
DA:49,1
DA:51,0
DA:54,1
DA:55,1
DA:56,1
LF:22
LH:19
end_of_record
TN:
SF:/home/alejandro/repos/code-analysis-toolkit/projectExample/src/string_utils.c
FN:28,49,str_count_char
FN:3,26,str_copy_safe
FNDA:1,str_count_char
FNDA:2,str_copy_safe
FNF:2
FNH:2
BRDA:7,0,0,2
BRDA:7,0,1,0
BRDA:7,0,2,2
BRDA:7,0,3,0
BRDA:7,0,4,0
BRDA:7,0,5,2
BRDA:12,0,0,13
BRDA:12,0,1,1
BRDA:12,0,2,12
BRDA:12,0,3,1
BRDA:20,0,0,1
BRDA:20,0,1,1
BRDA:33,0,0,1
BRDA:33,0,1,0
BRDA:33,0,2,0
BRDA:33,0,3,1
BRDA:38,0,0,5
BRDA:38,0,1,1
BRDA:40,0,0,2
BRDA:40,0,1,3
BRF:20
BRH:15
DA:3,2
DA:5,2
DA:7,2
DA:9,0
DA:12,14
DA:14,12
DA:15,12
DA:18,2
DA:20,2
DA:22,1
DA:25,1
DA:28,1
DA:30,1
DA:31,1
DA:33,1
DA:35,0
DA:38,6
DA:40,5
DA:42,2
DA:44,5
DA:47,1
DA:48,1
LF:22
LH:20
end_of_record
